0:00:00:00 Starting a new session
0:00:00:00 Loaded a total of 316 password hashes with 316 different salts
0:00:00:00 Sorting salts, for performance
0:00:00:00 Cost 1 (iteration count) is 29000 for all loaded hashes
0:00:00:00 Command line: /home/ubuntu/src/john/run/john --wordlist=../Wordlists/rockyou.txt --session=pbk256-ry --pot=pbk256-ry.pot --format=PBKDF2-HMAC-SHA256-opencl sha256.hashes 
0:00:00:00 - UTF-8 input encoding enabled
0:00:00:00 - Passwords will be stored UTF-8 encoded in .pot file
0:00:00:00 Sorting salts, for performance
0:00:00:00 Device 0: Tesla K80
0:00:00:00 - OpenCL LWS: 128, GWS: 39936 (both auto-tuned) (312 blocks)
0:00:00:00 - Hash type: PBKDF2-HMAC-SHA256-opencl (min-len 0, max-len 18 [worst case UTF-8] to 55 [ASCII])
0:00:00:00 - Algorithm: PBKDF2-SHA256 OpenCL
0:00:00:00 - Will reject candidates longer than 55 bytes
0:00:00:00 - Candidate passwords will be buffered and tried in chunks of 39936
0:00:00:00 Proceeding with wordlist mode
0:00:00:00 - Wordlist file: ../Wordlists/rockyou.txt
0:00:00:00 - memory mapping wordlist (139921497 bytes)
0:00:00:00 - No word mangling rules
0:00:00:06 GPU 0 probably invalid temp reading (-1°C).
0:00:56:24 Session aborted
